#
# There is insufficient memory for the Java Runtime Environment to continue.
# Native memory allocation (malloc) failed to allocate 1048576 bytes. Error detail: AllocateHeap
# Possible reasons:
#   The system is out of physical RAM or swap space
#   This process is running with CompressedOops enabled, and the Java Heap may be blocking the growth of the native heap
# Possible solutions:
#   Reduce memory load on the system
#   Increase physical memory or swap space
#   Check if swap backing store is full
#   Decrease Java heap size (-Xmx/-Xms)
#   Decrease number of Java threads
#   Decrease Java thread stack sizes (-Xss)
#   Set larger code cache with -XX:ReservedCodeCacheSize=
#   JVM is running with Unscaled Compressed Oops mode in which the Java heap is
#     placed in the first 4GB address space. The Java Heap base address is the
#     maximum limit for the native heap growth. Please use -XX:HeapBaseMinAddress
#     to set the Java Heap base and to place the Java Heap above 4GB virtual address.
# This output file may be truncated or incomplete.
#
#  Out of Memory Error (allocation.cpp:44), pid=12564, tid=25748
#
# JRE version:  (23.0.1+11) (build )
# Java VM: OpenJDK 64-Bit Server VM (23.0.1+11, mixed mode, sharing, tiered, compressed oops, compressed class ptrs, g1 gc, windows-amd64)
# No core dump will be written. Minidumps are not enabled by default on client versions of Windows
#

---------------  S U M M A R Y ------------

Command Line: -Dfile.encoding=UTF-8 -Dstdout.encoding=UTF-8 -Dstderr.encoding=UTF-8 -XX:+ShowCodeDetailsInExceptionMessages practice.prac_1

Host: Intel(R) Core(TM) i5-10300H CPU @ 2.50GHz, 8 cores, 23G,  Windows 11 , 64 bit Build 26100 (10.0.26100.3912)
Time: Tue May 27 19:56:42 2025  Windows 11 , 64 bit Build 26100 (10.0.26100.3912) elapsed time: 1.031297 seconds (0d 0h 0m 1s)

---------------  T H R E A D  ---------------

Current thread (0x000001b18863c480):  JavaThread "Unknown thread" [_thread_in_vm, id=25748, stack(0x00000052ce700000,0x00000052ce800000) (1024K)]

Stack: [0x00000052ce700000,0x00000052ce800000]
Native frames: (J=compiled Java code, j=interpreted, Vv=VM code, C=native code)
V  [jvm.dll+0x6e8c79]  (no source info available)
V  [jvm.dll+0x8d9253]  (no source info available)
V  [jvm.dll+0x8db6de]  (no source info available)
V  [jvm.dll+0x8dbdb3]  (no source info available)
V  [jvm.dll+0x281aa6]  (no source info available)
V  [jvm.dll+0xb6437]  (no source info available)
V  [jvm.dll+0x32dd18]  (no source info available)
V  [jvm.dll+0x89f919]  (no source info available)
V  [jvm.dll+0x3bfe88]  (no source info available)
V  [jvm.dll+0x88849c]  (no source info available)
V  [jvm.dll+0x45a16e]  (no source info available)
V  [jvm.dll+0x45bf81]  (no source info available)
C  [jli.dll+0x5278]  (no source info available)
C  [ucrtbase.dll+0x37b0]  (no source info available)
C  [KERNEL32.DLL+0x2e8d7]  (no source info available)
C  [ntdll.dll+0x9c5dc]  (no source info available)

Lock stack of current Java thread (top to bottom):


---------------  P R O C E S S  ---------------

Threads class SMR info:
_java_thread_list=0x00007ff9045a8ad8, length=0, elements={
}

Java Threads: ( => current thread )
Total: 0

Other Threads:

=>0x000001b18863c480 (exited) JavaThread "Unknown thread"    [_thread_in_vm, id=25748, stack(0x00000052ce700000,0x00000052ce800000) (1024K)]
Total: 1

Threads with active compile tasks:
Total: 0

VM state: not at safepoint (not fully initialized)

VM Mutex/Monitor currently owned by a thread: None

Heap address: 0x0000000000000000, size: 0 MB, Compressed Oops mode: 32-bit

CDS archive(s) mapped at: [0x0000000000000000-0x0000000000000000-0x0000000000000000), size 0, SharedBaseAddress: 0x0000000800000000, ArchiveRelocationMode: 1.
Narrow klass base: 0x0000000000000000, Narrow klass shift: 0, Narrow klass range: 0x0

GC Precious Log:
 CardTable entry size: 512
 Card Set container configuration: InlinePtr #cards 4 size 8 Array Of Cards #cards 32 size 80 Howl #buckets 8 coarsen threshold 7372 Howl Bitmap #cards 1024 size 144 coarsen threshold 921 Card regions per heap region 1 cards per card region 8192

GC Heap History (0 events):
No events

Dll operation events (1 events):
Event: 0.018 Loaded shared library C:\Users\thona\.p2\pool\plugins\org.eclipse.justj.openjdk.hotspot.jre.full.win32.x86_64_23.0.1.v20241024-1700\jre\bin\java.dll

Deoptimization events (0 events):
No events

Classes loaded (0 events):
No events

Classes unloaded (0 events):
No events

Classes redefined (0 events):
No events

Internal exceptions (0 events):
No events

VM Operations (0 events):
No events

Memory protections (0 events):
No events

Nmethod flushes (0 events):
No events

Events (0 events):
No events


Dynamic libraries:
0x00007ff656a40000 - 0x00007ff656a4e000 	C:\Users\thona\.p2\pool\plugins\org.eclipse.justj.openjdk.hotspot.jre.full.win32.x86_64_23.0.1.v20241024-1700\jre\bin\javaw.exe
0x00007ff96d4c0000 - 0x00007ff96d726000 	C:\WINDOWS\SYSTEM32\ntdll.dll
0x00007ff96cff0000 - 0x00007ff96d0b9000 	C:\WINDOWS\System32\KERNEL32.DLL
0x00007ff96abf0000 - 0x00007ff96afbc000 	C:\WINDOWS\System32\KERNELBASE.dll
0x00007ff96a910000 - 0x00007ff96aa5b000 	C:\WINDOWS\System32\ucrtbase.dll
0x00007ff963d50000 - 0x00007ff963d67000 	C:\Users\thona\.p2\pool\plugins\org.eclipse.justj.openjdk.hotspot.jre.full.win32.x86_64_23.0.1.v20241024-1700\jre\bin\jli.dll
0x00007ff963cd0000 - 0x00007ff963cee000 	C:\Users\thona\.p2\pool\plugins\org.eclipse.justj.openjdk.hotspot.jre.full.win32.x86_64_23.0.1.v20241024-1700\jre\bin\VCRUNTIME140.dll
0x00007ff96d2a0000 - 0x00007ff96d46a000 	C:\WINDOWS\System32\USER32.dll
0x00007ff96ab20000 - 0x00007ff96ab47000 	C:\WINDOWS\System32\win32u.dll
0x00007ff951960000 - 0x00007ff951bfa000 	C:\WINDOWS\WinSxS\amd64_microsoft.windows.common-controls_6595b64144ccf1df_6.0.26100.3912_none_3e07963ce335137e\COMCTL32.dll
0x00007ff96ca80000 - 0x00007ff96caab000 	C:\WINDOWS\System32\GDI32.dll
0x00007ff96cf40000 - 0x00007ff96cfe9000 	C:\WINDOWS\System32\msvcrt.dll
0x00007ff96b140000 - 0x00007ff96b272000 	C:\WINDOWS\System32\gdi32full.dll
0x00007ff96a650000 - 0x00007ff96a6f3000 	C:\WINDOWS\System32\msvcp_win.dll
0x00007ff96b540000 - 0x00007ff96b570000 	C:\WINDOWS\System32\IMM32.DLL
0x00007ff963cc0000 - 0x00007ff963ccc000 	C:\Users\thona\.p2\pool\plugins\org.eclipse.justj.openjdk.hotspot.jre.full.win32.x86_64_23.0.1.v20241024-1700\jre\bin\vcruntime140_1.dll
0x00007ff957aa0000 - 0x00007ff957b2d000 	C:\Users\thona\.p2\pool\plugins\org.eclipse.justj.openjdk.hotspot.jre.full.win32.x86_64_23.0.1.v20241024-1700\jre\bin\msvcp140.dll
0x00007ff903940000 - 0x00007ff90470d000 	C:\Users\thona\.p2\pool\plugins\org.eclipse.justj.openjdk.hotspot.jre.full.win32.x86_64_23.0.1.v20241024-1700\jre\bin\server\jvm.dll
0x00007ff96b280000 - 0x00007ff96b332000 	C:\WINDOWS\System32\ADVAPI32.dll
0x00007ff96c370000 - 0x00007ff96c416000 	C:\WINDOWS\System32\sechost.dll
0x00007ff96c5a0000 - 0x00007ff96c6b6000 	C:\WINDOWS\System32\RPCRT4.dll
0x00007ff96b940000 - 0x00007ff96b9b4000 	C:\WINDOWS\System32\WS2_32.dll
0x00007ff969240000 - 0x00007ff96929e000 	C:\WINDOWS\SYSTEM32\POWRPROF.dll
0x00007ff951c00000 - 0x00007ff951c36000 	C:\WINDOWS\SYSTEM32\WINMM.dll
0x00007ff9628c0000 - 0x00007ff9628cb000 	C:\WINDOWS\SYSTEM32\VERSION.dll
0x00007ff969220000 - 0x00007ff969234000 	C:\WINDOWS\SYSTEM32\UMPDC.dll
0x00007ff9694f0000 - 0x00007ff96950a000 	C:\WINDOWS\SYSTEM32\kernel.appcore.dll
0x00007ff963480000 - 0x00007ff96348a000 	C:\Users\thona\.p2\pool\plugins\org.eclipse.justj.openjdk.hotspot.jre.full.win32.x86_64_23.0.1.v20241024-1700\jre\bin\jimage.dll
0x00007ff967c10000 - 0x00007ff967e51000 	C:\WINDOWS\SYSTEM32\DBGHELP.DLL
0x00007ff96c6c0000 - 0x00007ff96ca44000 	C:\WINDOWS\System32\combase.dll
0x00007ff96c1f0000 - 0x00007ff96c2d0000 	C:\WINDOWS\System32\OLEAUT32.dll
0x00007ff93ebd0000 - 0x00007ff93ec09000 	C:\WINDOWS\SYSTEM32\dbgcore.DLL
0x00007ff96ab50000 - 0x00007ff96abe9000 	C:\WINDOWS\System32\bcryptPrimitives.dll
0x00007ff93a9f0000 - 0x00007ff93aa0e000 	C:\Users\thona\.p2\pool\plugins\org.eclipse.justj.openjdk.hotspot.jre.full.win32.x86_64_23.0.1.v20241024-1700\jre\bin\java.dll
0x00007ff96b600000 - 0x00007ff96b79f000 	C:\WINDOWS\System32\ole32.dll
0x00007ff96bac0000 - 0x00007ff96c1ed000 	C:\WINDOWS\System32\SHELL32.dll
0x00007ff96a790000 - 0x00007ff96a904000 	C:\WINDOWS\System32\wintypes.dll

dbghelp: loaded successfully - version: 4.0.5 - missing functions: none
symbol engine: initialized successfully - sym options: 0x614 - pdb path: .;C:\Users\thona\.p2\pool\plugins\org.eclipse.justj.openjdk.hotspot.jre.full.win32.x86_64_23.0.1.v20241024-1700\jre\bin;C:\WINDOWS\SYSTEM32;C:\WINDOWS\WinSxS\amd64_microsoft.windows.common-controls_6595b64144ccf1df_6.0.26100.3912_none_3e07963ce335137e;C:\Users\thona\.p2\pool\plugins\org.eclipse.justj.openjdk.hotspot.jre.full.win32.x86_64_23.0.1.v20241024-1700\jre\bin\server

VM Arguments:
jvm_args: -Dfile.encoding=UTF-8 -Dstdout.encoding=UTF-8 -Dstderr.encoding=UTF-8 -XX:+ShowCodeDetailsInExceptionMessages 
java_command: practice.prac_1
java_class_path (initial): D:\thonam\coding\2501\java\Java_Programing\Java_programing_easy\bin
Launcher Type: SUN_STANDARD

[Global flags]
     intx CICompilerCount                          = 4                                         {product} {ergonomic}
     uint ConcGCThreads                            = 2                                         {product} {ergonomic}
     uint G1ConcRefinementThreads                  = 8                                         {product} {ergonomic}
   size_t G1HeapRegionSize                         = 4194304                                   {product} {ergonomic}
   size_t InitialHeapSize                          = 402653184                                 {product} {ergonomic}
   size_t MarkStackSize                            = 4194304                                   {product} {ergonomic}
   size_t MaxHeapSize                              = 6408896512                                {product} {ergonomic}
   size_t MinHeapDeltaBytes                        = 4194304                                   {product} {ergonomic}
   size_t MinHeapSize                              = 8388608                                   {product} {ergonomic}
    uintx NonNMethodCodeHeapSize                   = 5832704                                {pd product} {ergonomic}
    uintx NonProfiledCodeHeapSize                  = 122945536                              {pd product} {ergonomic}
    uintx ProfiledCodeHeapSize                     = 122880000                              {pd product} {ergonomic}
    uintx ReservedCodeCacheSize                    = 251658240                              {pd product} {ergonomic}
     bool SegmentedCodeCache                       = true                                      {product} {ergonomic}
     bool ShowCodeDetailsInExceptionMessages       = true                                   {manageable} {command line}
   size_t SoftMaxHeapSize                          = 6408896512                             {manageable} {ergonomic}
     bool UseCompressedOops                        = true                           {product lp64_product} {ergonomic}
     bool UseG1GC                                  = true                                      {product} {ergonomic}
     bool UseLargePagesIndividualAllocation        = false                                  {pd product} {ergonomic}

Logging:
Log output configuration:
 #0: stdout all=warning uptime,level,tags foldmultilines=false
 #1: stderr all=off uptime,level,tags foldmultilines=false

Environment Variables:
JAVA_HOME=C:\Program Files\Java\jdk-23
CLASSPATH=C:\Program Files\Java\jdk-23\lib
PATH=C:/Users/thona/.p2/pool/plugins/org.eclipse.justj.openjdk.hotspot.jre.full.win32.x86_64_23.0.1.v20241024-1700/jre/bin/server;C:/Users/thona/.p2/pool/plugins/org.eclipse.justj.openjdk.hotspot.jre.full.win32.x86_64_23.0.1.v20241024-1700/jre/bin;C:\Program Files (x86)\Common Files\Oracle\Java\java8path;C:\Program Files (x86)\Common Files\Oracle\Java\javapath;D:\oracle\product\ver\19c\dbhome\WINDOWS.X64_193000_db_home\bin;C:\Program Files\Java\jdk-23\bin\;C:\WINDOWS\system32;C:\WINDOWS;C:\WINDOWS\System32\Wbem;C:\WINDOWS\System32\WindowsPowerShell\v1.0\;C:\WINDOWS\System32\OpenSSH\;C:\Program Files\Git\cmd;C:\Program Files\Bandizip\;C:\Program Files\Docker\Docker\resources\bin;C:\Program Files\nodejs\;C:\Users\thona\AppData\Local\Microsoft\WindowsApps;D:\Microsoft VS Code\bin;C:\Users\thona\AppData\Local\GitHubDesktop\bin;C:\Users\thona\AppData\Roaming\npm;D:\thonam\coding\eclipse;
USERNAME=thona
OS=Windows_NT
PROCESSOR_IDENTIFIER=Intel64 Family 6 Model 165 Stepping 2, GenuineIntel
TMP=C:\Users\thona\AppData\Local\Temp
TEMP=C:\Users\thona\AppData\Local\Temp




Periodic native trim disabled

---------------  S Y S T E M  ---------------

OS:
 Windows 11 , 64 bit Build 26100 (10.0.26100.3912)
OS uptime: 2 days 5:14 hours
Hyper-V role detected

CPU: total 8 (initial active 8) (4 cores per cpu, 2 threads per core) family 6 model 165 stepping 2 microcode 0xf6, cx8, cmov, fxsr, ht, mmx, 3dnowpref, sse, sse2, sse3, ssse3, sse4.1, sse4.2, popcnt, lzcnt, tsc, tscinvbit, avx, avx2, aes, erms, clmul, bmi1, bmi2, adx, fma, vzeroupper, clflush, clflushopt, hv, rdtscp, f16c
Processor Information for the first 8 processors :
  Max Mhz: 2496, Current Mhz: 2496, Mhz Limit: 2496

Memory: 4k page, system-wide physical 24443M (3147M free)
TotalPageFile size 54842M (AvailPageFile size 7M)
current process WorkingSet (physical memory assigned to process): 12M, peak: 12M
current process commit charge ("private bytes"): 18M, peak: 19M

vm_info: OpenJDK 64-Bit Server VM (23.0.1+11) for windows-amd64 JRE (23.0.1+11), built on 2024-10-15T00:00:00Z with MS VC++ 17.7 (VS2022)

END.
